[2026-03-24 08:17 AEST] ============================================================
[2026-03-24 08:17 AEST] Pre-Kickoff Prediction Refresh
[2026-03-24 08:17 AEST] ============================================================
[2026-03-24 08:17 AEST] No games today. Round 4.
[2026-03-24 08:17 AEST] ============================================================
[2026-03-24 08:17 AEST] Pre-Kickoff Prediction Refresh
[2026-03-24 08:17 AEST] ============================================================
[2026-03-24 08:17 AEST] Round 4 — 0 game(s) today:
[2026-03-24 08:17 AEST] Current predictions loaded: 8 tips
[2026-03-24 08:17 AEST] 
Step 1: Refreshing weather forecast...
[2026-03-24 08:17 AEST] 
Step 2: Rerunning predictions with fresh odds + weather...
[2026-03-24 08:17 AEST]   Running: /usr/bin/python3 /root/NRL-Predict/predict_round.py --auto
[2026-03-24 08:17 AEST]   [DRY RUN] Skipping prediction rerun
[2026-03-24 08:17 AEST] 
Step 3: Comparing predictions...
[2026-03-24 08:17 AEST] 
✅ All tips confirmed — no changes
[2026-03-24 08:17 AEST] 
Done. (0 games, 0 flips)
[2026-03-24 08:17 AEST] ============================================================
[2026-03-24 08:17 AEST] Pre-Kickoff Prediction Refresh
[2026-03-24 08:17 AEST] ============================================================
[2026-03-24 08:17 AEST] Round 4 — 0 game(s) today:
[2026-03-24 08:17 AEST] Current predictions loaded: 8 tips
[2026-03-24 08:17 AEST] 
Step 1: Refreshing weather forecast...
[2026-03-24 08:17 AEST] 
Step 2: Rerunning predictions with fresh odds + weather...
[2026-03-24 08:17 AEST]   Running: /usr/bin/python3 /root/NRL-Predict/predict_round.py --auto
[2026-03-24 08:17 AEST]   Predictions saved to /root/NRL-Predict/outputs/predictions/round_4_2026.csv
[2026-03-24 08:17 AEST]   Completed in 2s (fast mode)
[2026-03-24 08:17 AEST] 
Step 3: Comparing predictions...
[2026-03-24 08:17 AEST] 
✅ All tips confirmed — no changes
[2026-03-24 08:17 AEST] 
Done. (0 games, 0 flips)
